<?xml version="1.0" encoding="UTF-8"?>
<robot generator="Robot 5.0.1 (Python 3.10.4 on win32)" generated="20221229 18:26:36.651" rpa="false" schemaversion="3">
<suite id="s1" name="Frames" source="F:\Tushar\programming\python only\PythonCode\robot_framework\TestCases\Frames.robot">
<test id="s1-t1" name="Handling_Frames" line="13">
<kw name="Open Browser" library="SeleniumLibrary" type="SETUP">
<arg>${URL}</arg>
<arg>${browser}</arg>
<doc>Opens a new browser instance to the optional ``url``.</doc>
<msg timestamp="20221229 18:26:36.963" level="INFO">Opening browser 'chrome' to base url 'https://www.selenium.dev/selenium/docs/api/java/index.html?overview-summary.html'.</msg>
<status status="PASS" starttime="20221229 18:26:36.963" endtime="20221229 18:26:43.879"/>
</kw>
<kw name="Set Selenium Speed" library="SeleniumLibrary">
<arg>1seconds</arg>
<doc>Sets the delay that is waited after each Selenium command.</doc>
<status status="PASS" starttime="20221229 18:26:43.887" endtime="20221229 18:26:43.887"/>
</kw>
<kw name="Maximize Browser Window" library="SeleniumLibrary">
<doc>Maximizes current browser window.</doc>
<status status="PASS" starttime="20221229 18:26:43.887" endtime="20221229 18:26:45.065"/>
</kw>
<kw name="Frames" library="FrameOps">
<kw name="Select Frame" library="SeleniumLibrary">
<arg>packageListFrame</arg>
<doc>Sets frame identified by ``locator`` as the current frame.</doc>
<msg timestamp="20221229 18:26:45.070" level="INFO">Selecting frame 'packageListFrame'.</msg>
<status status="PASS" starttime="20221229 18:26:45.070" endtime="20221229 18:26:47.182"/>
</kw>
<kw name="Click Link" library="SeleniumLibrary">
<arg>org.openqa.selenium</arg>
<doc>Clicks a link identified by ``locator``.</doc>
<msg timestamp="20221229 18:26:47.182" level="INFO">Clicking link 'org.openqa.selenium'.</msg>
<status status="PASS" starttime="20221229 18:26:47.182" endtime="20221229 18:26:50.347"/>
</kw>
<kw name="Unselect Frame" library="SeleniumLibrary">
<doc>Sets the main frame as the current frame.</doc>
<status status="PASS" starttime="20221229 18:26:50.347" endtime="20221229 18:26:51.360"/>
</kw>
<kw name="Select Frame" library="SeleniumLibrary">
<arg>packageFrame</arg>
<doc>Sets frame identified by ``locator`` as the current frame.</doc>
<msg timestamp="20221229 18:26:51.360" level="INFO">Selecting frame 'packageFrame'.</msg>
<status status="PASS" starttime="20221229 18:26:51.360" endtime="20221229 18:26:53.399"/>
</kw>
<kw name="Click Link" library="SeleniumLibrary">
<arg>Alert</arg>
<doc>Clicks a link identified by ``locator``.</doc>
<msg timestamp="20221229 18:26:53.399" level="INFO">Clicking link 'Alert'.</msg>
<status status="PASS" starttime="20221229 18:26:53.399" endtime="20221229 18:26:56.602"/>
</kw>
<kw name="Unselect Frame" library="SeleniumLibrary">
<doc>Sets the main frame as the current frame.</doc>
<status status="PASS" starttime="20221229 18:26:56.602" endtime="20221229 18:26:57.609"/>
</kw>
<kw name="Select Frame" library="SeleniumLibrary">
<arg>classFrame</arg>
<doc>Sets frame identified by ``locator`` as the current frame.</doc>
<msg timestamp="20221229 18:26:57.609" level="INFO">Selecting frame 'classFrame'.</msg>
<status status="PASS" starttime="20221229 18:26:57.609" endtime="20221229 18:26:59.706"/>
</kw>
<kw name="Click Link" library="SeleniumLibrary">
<arg>Tree</arg>
<doc>Clicks a link identified by ``locator``.</doc>
<msg timestamp="20221229 18:26:59.706" level="INFO">Clicking link 'Tree'.</msg>
<status status="PASS" starttime="20221229 18:26:59.706" endtime="20221229 18:27:03.441"/>
</kw>
<kw name="Click Link" library="SeleniumLibrary">
<arg>By.ByClassName</arg>
<doc>Clicks a link identified by ``locator``.</doc>
<msg timestamp="20221229 18:27:03.441" level="INFO">Clicking link 'By.ByClassName'.</msg>
<status status="PASS" starttime="20221229 18:27:03.441" endtime="20221229 18:27:07.259"/>
</kw>
<status status="PASS" starttime="20221229 18:26:45.065" endtime="20221229 18:27:07.259"/>
</kw>
<kw name="Close Browser" library="SeleniumLibrary" type="TEARDOWN">
<doc>Closes the current browser.</doc>
<status status="PASS" starttime="20221229 18:27:07.259" endtime="20221229 18:27:12.418"/>
</kw>
<status status="PASS" starttime="20221229 18:26:36.963" endtime="20221229 18:27:12.418"/>
</test>
<test id="s1-t2" name="Handling_Frames2" line="19">
<kw name="Open Browser" library="SeleniumLibrary" type="SETUP">
<arg>${URL}</arg>
<arg>${browser}</arg>
<doc>Opens a new browser instance to the optional ``url``.</doc>
<msg timestamp="20221229 18:27:12.431" level="INFO">Opening browser 'chrome' to base url 'https://www.selenium.dev/selenium/docs/api/java/index.html?overview-summary.html'.</msg>
<status status="PASS" starttime="20221229 18:27:12.423" endtime="20221229 18:27:22.506"/>
</kw>
<kw name="Set Selenium Speed" library="SeleniumLibrary">
<arg>1seconds</arg>
<doc>Sets the delay that is waited after each Selenium command.</doc>
<status status="PASS" starttime="20221229 18:27:22.506" endtime="20221229 18:27:22.506"/>
</kw>
<kw name="Maximize Browser Window" library="SeleniumLibrary">
<doc>Maximizes current browser window.</doc>
<status status="PASS" starttime="20221229 18:27:22.511" endtime="20221229 18:27:23.700"/>
</kw>
<kw name="Frames" library="FrameOps">
<kw name="Select Frame" library="SeleniumLibrary">
<arg>packageListFrame</arg>
<doc>Sets frame identified by ``locator`` as the current frame.</doc>
<msg timestamp="20221229 18:27:23.705" level="INFO">Selecting frame 'packageListFrame'.</msg>
<status status="PASS" starttime="20221229 18:27:23.705" endtime="20221229 18:27:25.878"/>
</kw>
<kw name="Click Link" library="SeleniumLibrary">
<arg>org.openqa.selenium</arg>
<doc>Clicks a link identified by ``locator``.</doc>
<msg timestamp="20221229 18:27:25.878" level="INFO">Clicking link 'org.openqa.selenium'.</msg>
<status status="PASS" starttime="20221229 18:27:25.878" endtime="20221229 18:27:28.962"/>
</kw>
<kw name="Unselect Frame" library="SeleniumLibrary">
<doc>Sets the main frame as the current frame.</doc>
<status status="PASS" starttime="20221229 18:27:28.962" endtime="20221229 18:27:29.975"/>
</kw>
<kw name="Select Frame" library="SeleniumLibrary">
<arg>packageFrame</arg>
<doc>Sets frame identified by ``locator`` as the current frame.</doc>
<msg timestamp="20221229 18:27:29.975" level="INFO">Selecting frame 'packageFrame'.</msg>
<status status="PASS" starttime="20221229 18:27:29.975" endtime="20221229 18:27:32.024"/>
</kw>
<kw name="Click Link" library="SeleniumLibrary">
<arg>Alert</arg>
<doc>Clicks a link identified by ``locator``.</doc>
<msg timestamp="20221229 18:27:32.024" level="INFO">Clicking link 'Alert'.</msg>
<status status="PASS" starttime="20221229 18:27:32.024" endtime="20221229 18:27:35.221"/>
</kw>
<kw name="Unselect Frame" library="SeleniumLibrary">
<doc>Sets the main frame as the current frame.</doc>
<status status="PASS" starttime="20221229 18:27:35.221" endtime="20221229 18:27:36.238"/>
</kw>
<kw name="Select Frame" library="SeleniumLibrary">
<arg>classFrame</arg>
<doc>Sets frame identified by ``locator`` as the current frame.</doc>
<msg timestamp="20221229 18:27:36.238" level="INFO">Selecting frame 'classFrame'.</msg>
<status status="PASS" starttime="20221229 18:27:36.238" endtime="20221229 18:27:38.354"/>
</kw>
<kw name="Click Link" library="SeleniumLibrary">
<arg>Tree</arg>
<doc>Clicks a link identified by ``locator``.</doc>
<msg timestamp="20221229 18:27:38.354" level="INFO">Clicking link 'Tree'.</msg>
<status status="PASS" starttime="20221229 18:27:38.354" endtime="20221229 18:27:42.096"/>
</kw>
<kw name="Click Link" library="SeleniumLibrary">
<arg>By.ByClassName</arg>
<doc>Clicks a link identified by ``locator``.</doc>
<msg timestamp="20221229 18:27:42.096" level="INFO">Clicking link 'By.ByClassName'.</msg>
<status status="PASS" starttime="20221229 18:27:42.096" endtime="20221229 18:27:45.650"/>
</kw>
<status status="PASS" starttime="20221229 18:27:23.700" endtime="20221229 18:27:45.650"/>
</kw>
<kw name="Close Browser" library="SeleniumLibrary" type="TEARDOWN">
<doc>Closes the current browser.</doc>
<status status="PASS" starttime="20221229 18:27:45.650" endtime="20221229 18:27:48.901"/>
</kw>
<status status="PASS" starttime="20221229 18:27:12.423" endtime="20221229 18:27:48.904"/>
</test>
<status status="PASS" starttime="20221229 18:26:36.651" endtime="20221229 18:27:48.907"/>
</suite>
<statistics>
<total>
<stat pass="2" fail="0" skip="0">All Tests</stat>
</total>
<tag>
</tag>
<suite>
<stat pass="2" fail="0" skip="0" id="s1" name="Frames">Frames</stat>
</suite>
</statistics>
<errors>
</errors>
</robot>
