<?xml version="1.0" encoding="UTF-8"?>
<robot generator="Robot 5.0.1 (Python 3.10.4 on win32)" generated="20221229 12:17:10.221" rpa="false" schemaversion="3">
<suite id="s1" name="Frames" source="f:\Tushar\programming\python only\PythonCode\robot_framework\TestCases\Frames.robot">
<test id="s1-t1" name="Handling_Frames" line="10">
<kw name="Open Browser" library="SeleniumLibrary">
<arg>${URL}</arg>
<arg>${browser}</arg>
<doc>Opens a new browser instance to the optional ``url``.</doc>
<msg timestamp="20221229 12:17:10.726" level="INFO">Opening browser 'chrome' to base url 'https://www.selenium.dev/selenium/docs/api/java/index.html?overview-summary.html'.</msg>
<status status="PASS" starttime="20221229 12:17:10.725" endtime="20221229 12:17:20.987"/>
</kw>
<kw name="Set Selenium Speed" library="SeleniumLibrary">
<arg>2</arg>
<doc>Sets the delay that is waited after each Selenium command.</doc>
<status status="PASS" starttime="20221229 12:17:20.993" endtime="20221229 12:17:20.994"/>
</kw>
<kw name="Maximize Browser Window" library="SeleniumLibrary">
<doc>Maximizes current browser window.</doc>
<status status="PASS" starttime="20221229 12:17:20.996" endtime="20221229 12:17:23.168"/>
</kw>
<kw name="Frames" library="FrameOps">
<kw name="Select Frame" library="SeleniumLibrary">
<arg>packageListFrame</arg>
<doc>Sets frame identified by ``locator`` as the current frame.</doc>
<msg timestamp="20221229 12:17:23.172" level="INFO">Selecting frame 'packageListFrame'.</msg>
<status status="PASS" starttime="20221229 12:17:23.171" endtime="20221229 12:17:27.251"/>
</kw>
<kw name="Click Link" library="SeleniumLibrary">
<arg>org.openqa.selenium</arg>
<doc>Clicks a link identified by ``locator``.</doc>
<msg timestamp="20221229 12:17:27.253" level="INFO">Clicking link 'org.openqa.selenium'.</msg>
<status status="PASS" starttime="20221229 12:17:27.252" endtime="20221229 12:17:33.398"/>
</kw>
<kw name="Unselect Frame" library="SeleniumLibrary">
<doc>Sets the main frame as the current frame.</doc>
<status status="PASS" starttime="20221229 12:17:33.398" endtime="20221229 12:17:35.417"/>
</kw>
<kw name="Select Frame" library="SeleniumLibrary">
<arg>packageFrame</arg>
<doc>Sets frame identified by ``locator`` as the current frame.</doc>
<msg timestamp="20221229 12:17:35.418" level="INFO">Selecting frame 'packageFrame'.</msg>
<status status="PASS" starttime="20221229 12:17:35.418" endtime="20221229 12:17:39.463"/>
</kw>
<kw name="Click Link" library="SeleniumLibrary">
<arg>Alert</arg>
<doc>Clicks a link identified by ``locator``.</doc>
<msg timestamp="20221229 12:17:39.463" level="INFO">Clicking link 'Alert'.</msg>
<status status="PASS" starttime="20221229 12:17:39.463" endtime="20221229 12:17:45.610"/>
</kw>
<status status="PASS" starttime="20221229 12:17:23.170" endtime="20221229 12:17:45.610"/>
</kw>
<status status="PASS" starttime="20221229 12:17:10.723" endtime="20221229 12:17:45.612"/>
</test>
<status status="PASS" starttime="20221229 12:17:10.263" endtime="20221229 12:17:45.615"/>
</suite>
<statistics>
<total>
<stat pass="1" fail="0" skip="0">All Tests</stat>
</total>
<tag>
</tag>
<suite>
<stat pass="1" fail="0" skip="0" id="s1" name="Frames">Frames</stat>
</suite>
</statistics>
<errors>
</errors>
</robot>
