<?xml version="1.0" encoding="UTF-8"?>
<robot generator="Robot 5.0.1 (Python 3.10.4 on win32)" generated="20221229 10:34:25.981" rpa="false" schemaversion="3">
<suite id="s1" name="FlightBooking" source="F:\Tushar\programming\python only\PythonCode\robot_framework\FlightBooking.robot">
<test id="s1-t1" name="Search_Test" line="9">
<kw name="Open Browser" library="SeleniumLibrary">
<arg>${url}</arg>
<arg>${browser}</arg>
<doc>Opens a new browser instance to the optional ``url``.</doc>
<msg timestamp="20221229 10:34:26.467" level="INFO">Opening browser 'chrome' to base url 'https://rahulshettyacademy.com/dropdownsPractise/'.</msg>
<status status="PASS" starttime="20221229 10:34:26.467" endtime="20221229 10:34:32.877"/>
</kw>
<kw name="Maximize Browser Window" library="SeleniumLibrary">
<doc>Maximizes current browser window.</doc>
<status status="PASS" starttime="20221229 10:34:32.878" endtime="20221229 10:34:33.045"/>
</kw>
<kw name="Flight_Search">
<kw name="Sleep" library="BuiltIn">
<arg>3</arg>
<doc>Pauses the test executed for the given time.</doc>
<msg timestamp="20221229 10:34:36.050" level="INFO">Slept 3 seconds</msg>
<status status="PASS" starttime="20221229 10:34:33.048" endtime="20221229 10:34:36.050"/>
</kw>
<kw name="Click Element" library="SeleniumLibrary">
<arg>xpath://input[@id='ctl00_mainContent_rbtnl_Trip_1']</arg>
<doc>Click the element identified by ``locator``.</doc>
<msg timestamp="20221229 10:34:36.052" level="INFO">Clicking element 'xpath://input[@id='ctl00_mainContent_rbtnl_Trip_1']'.</msg>
<status status="PASS" starttime="20221229 10:34:36.051" endtime="20221229 10:34:36.149"/>
</kw>
<kw name="Sleep" library="BuiltIn">
<arg>3</arg>
<doc>Pauses the test executed for the given time.</doc>
<msg timestamp="20221229 10:34:39.162" level="INFO">Slept 3 seconds</msg>
<status status="PASS" starttime="20221229 10:34:36.149" endtime="20221229 10:34:39.162"/>
</kw>
<kw name="Click Element" library="SeleniumLibrary">
<arg>xpath://input[@id='ctl00_mainContent_chk_friendsandfamily']</arg>
<doc>Click the element identified by ``locator``.</doc>
<msg timestamp="20221229 10:34:39.162" level="INFO">Clicking element 'xpath://input[@id='ctl00_mainContent_chk_friendsandfamily']'.</msg>
<status status="PASS" starttime="20221229 10:34:39.162" endtime="20221229 10:34:39.246"/>
</kw>
<kw name="Sleep" library="BuiltIn">
<arg>3</arg>
<doc>Pauses the test executed for the given time.</doc>
<msg timestamp="20221229 10:34:42.248" level="INFO">Slept 3 seconds</msg>
<status status="PASS" starttime="20221229 10:34:39.246" endtime="20221229 10:34:42.248"/>
</kw>
<kw name="Click Element" library="SeleniumLibrary">
<arg>xpath://select[@id='ctl00_mainContent_DropDownListCurrency']</arg>
<doc>Click the element identified by ``locator``.</doc>
<msg timestamp="20221229 10:34:42.248" level="INFO">Clicking element 'xpath://select[@id='ctl00_mainContent_DropDownListCurrency']'.</msg>
<status status="PASS" starttime="20221229 10:34:42.248" endtime="20221229 10:34:42.361"/>
</kw>
<kw name="Sleep" library="BuiltIn">
<arg>3</arg>
<doc>Pauses the test executed for the given time.</doc>
<msg timestamp="20221229 10:34:45.363" level="INFO">Slept 3 seconds</msg>
<status status="PASS" starttime="20221229 10:34:42.361" endtime="20221229 10:34:45.363"/>
</kw>
<kw name="Click Element" library="SeleniumLibrary">
<arg>xpath://option[contains(text(),'USD')]</arg>
<doc>Click the element identified by ``locator``.</doc>
<msg timestamp="20221229 10:34:45.364" level="INFO">Clicking element 'xpath://option[contains(text(),'USD')]'.</msg>
<status status="PASS" starttime="20221229 10:34:45.363" endtime="20221229 10:34:45.420"/>
</kw>
<kw name="Sleep" library="BuiltIn">
<arg>2</arg>
<doc>Pauses the test executed for the given time.</doc>
<msg timestamp="20221229 10:34:47.427" level="INFO">Slept 2 seconds</msg>
<status status="PASS" starttime="20221229 10:34:45.420" endtime="20221229 10:34:47.427"/>
</kw>
<kw name="Click Element" library="SeleniumLibrary">
<arg>xpath://input[@id='ctl00_mainContent_ddl_originStation1_CTXT']</arg>
<doc>Click the element identified by ``locator``.</doc>
<msg timestamp="20221229 10:34:47.428" level="INFO">Clicking element 'xpath://input[@id='ctl00_mainContent_ddl_originStation1_CTXT']'.</msg>
<status status="PASS" starttime="20221229 10:34:47.427" endtime="20221229 10:34:47.612"/>
</kw>
<kw name="Sleep" library="BuiltIn">
<arg>2</arg>
<doc>Pauses the test executed for the given time.</doc>
<msg timestamp="20221229 10:34:49.621" level="INFO">Slept 2 seconds</msg>
<status status="PASS" starttime="20221229 10:34:47.612" endtime="20221229 10:34:49.621"/>
</kw>
<kw name="Click Element" library="SeleniumLibrary">
<arg>xpath://a[contains(text(),'Pune (PNQ)')]</arg>
<doc>Click the element identified by ``locator``.</doc>
<msg timestamp="20221229 10:34:49.623" level="INFO">Clicking element 'xpath://a[contains(text(),'Pune (PNQ)')]'.</msg>
<status status="PASS" starttime="20221229 10:34:49.622" endtime="20221229 10:34:49.739"/>
</kw>
<kw name="Sleep" library="BuiltIn">
<arg>2</arg>
<doc>Pauses the test executed for the given time.</doc>
<msg timestamp="20221229 10:34:51.746" level="INFO">Slept 2 seconds</msg>
<status status="PASS" starttime="20221229 10:34:49.740" endtime="20221229 10:34:51.746"/>
</kw>
<kw name="Click Element" library="SeleniumLibrary">
<arg>xpath://input[@id='ctl00_mainContent_ddl_destinationStation1_CTXT']</arg>
<doc>Click the element identified by ``locator``.</doc>
<msg timestamp="20221229 10:34:51.746" level="INFO">Clicking element 'xpath://input[@id='ctl00_mainContent_ddl_destinationStation1_CTXT']'.</msg>
<status status="PASS" starttime="20221229 10:34:51.746" endtime="20221229 10:34:51.879"/>
</kw>
<kw name="Sleep" library="BuiltIn">
<arg>2</arg>
<doc>Pauses the test executed for the given time.</doc>
<msg timestamp="20221229 10:34:53.893" level="INFO">Slept 2 seconds</msg>
<status status="PASS" starttime="20221229 10:34:51.879" endtime="20221229 10:34:53.893"/>
</kw>
<kw name="Click Element" library="SeleniumLibrary">
<arg>xpath://body[1]/form[1]/div[4]/div[2]/div[1]/div[5]/div[2]/div[2]/div[2]/div[3]/div[1]/div[3]/div[1]/div[2]/div[2]/div[1]/table[1]/tbody[1]/tr[2]/td[2]/div[3]/div[1]/div[1]/ul[3]/li[7]/a[1]</arg>
<doc>Click the element identified by ``locator``.</doc>
<msg timestamp="20221229 10:34:53.894" level="INFO">Clicking element 'xpath://body[1]/form[1]/div[4]/div[2]/div[1]/div[5]/div[2]/div[2]/div[2]/div[3]/div[1]/div[3]/div[1]/div[2]/div[2]/div[1]/table[1]/tbody[1]/tr[2]/td[2]/div[3]/div[1]/div[1]/ul[3]/li[7]/a[1]'.</msg>
<status status="PASS" starttime="20221229 10:34:53.894" endtime="20221229 10:34:54.040"/>
</kw>
<kw name="Sleep" library="BuiltIn">
<arg>2</arg>
<doc>Pauses the test executed for the given time.</doc>
<msg timestamp="20221229 10:34:56.049" level="INFO">Slept 2 seconds</msg>
<status status="PASS" starttime="20221229 10:34:54.040" endtime="20221229 10:34:56.049"/>
</kw>
<kw name="Click Element" library="SeleniumLibrary">
<arg>xpath://tbody/tr[5]/td[7]/a[1]</arg>
<doc>Click the element identified by ``locator``.</doc>
<msg timestamp="20221229 10:34:56.049" level="INFO">Clicking element 'xpath://tbody/tr[5]/td[7]/a[1]'.</msg>
<status status="PASS" starttime="20221229 10:34:56.049" endtime="20221229 10:34:56.140"/>
</kw>
<kw name="Sleep" library="BuiltIn">
<arg>2</arg>
<doc>Pauses the test executed for the given time.</doc>
<msg timestamp="20221229 10:34:58.143" level="INFO">Slept 2 seconds</msg>
<status status="PASS" starttime="20221229 10:34:56.140" endtime="20221229 10:34:58.143"/>
</kw>
<kw name="Click Element" library="SeleniumLibrary">
<arg>xpath://input[@id='ctl00_mainContent_view_date2']</arg>
<doc>Click the element identified by ``locator``.</doc>
<msg timestamp="20221229 10:34:58.144" level="INFO">Clicking element 'xpath://input[@id='ctl00_mainContent_view_date2']'.</msg>
<status status="PASS" starttime="20221229 10:34:58.143" endtime="20221229 10:34:58.237"/>
</kw>
<kw name="Sleep" library="BuiltIn">
<arg>2</arg>
<doc>Pauses the test executed for the given time.</doc>
<msg timestamp="20221229 10:35:00.247" level="INFO">Slept 2 seconds</msg>
<status status="PASS" starttime="20221229 10:34:58.237" endtime="20221229 10:35:00.247"/>
</kw>
<kw name="Click Element" library="SeleniumLibrary">
<arg>xpath://body[1]/div[1]/div[2]/table[1]/tbody[1]/tr[1]/td[1]/a[1]</arg>
<doc>Click the element identified by ``locator``.</doc>
<msg timestamp="20221229 10:35:00.248" level="INFO">Clicking element 'xpath://body[1]/div[1]/div[2]/table[1]/tbody[1]/tr[1]/td[1]/a[1]'.</msg>
<status status="PASS" starttime="20221229 10:35:00.248" endtime="20221229 10:35:00.322"/>
</kw>
<kw name="Sleep" library="BuiltIn">
<arg>2</arg>
<doc>Pauses the test executed for the given time.</doc>
<msg timestamp="20221229 10:35:02.328" level="INFO">Slept 2 seconds</msg>
<status status="PASS" starttime="20221229 10:35:00.322" endtime="20221229 10:35:02.328"/>
</kw>
<kw name="Click Element" library="SeleniumLibrary">
<arg>xpath://div[@id='divpaxinfo']</arg>
<doc>Click the element identified by ``locator``.</doc>
<msg timestamp="20221229 10:35:02.329" level="INFO">Clicking element 'xpath://div[@id='divpaxinfo']'.</msg>
<status status="PASS" starttime="20221229 10:35:02.328" endtime="20221229 10:35:02.405"/>
</kw>
<kw name="Sleep" library="BuiltIn">
<arg>1</arg>
<doc>Pauses the test executed for the given time.</doc>
<msg timestamp="20221229 10:35:03.406" level="INFO">Slept 1 second</msg>
<status status="PASS" starttime="20221229 10:35:02.405" endtime="20221229 10:35:03.406"/>
</kw>
<kw name="Click Element" library="SeleniumLibrary">
<arg>xpath://span[@id='hrefIncAdt']</arg>
<doc>Click the element identified by ``locator``.</doc>
<msg timestamp="20221229 10:35:03.406" level="INFO">Clicking element 'xpath://span[@id='hrefIncAdt']'.</msg>
<status status="PASS" starttime="20221229 10:35:03.406" endtime="20221229 10:35:03.475"/>
</kw>
<kw name="Sleep" library="BuiltIn">
<arg>1</arg>
<doc>Pauses the test executed for the given time.</doc>
<msg timestamp="20221229 10:35:04.484" level="INFO">Slept 1 second</msg>
<status status="PASS" starttime="20221229 10:35:03.475" endtime="20221229 10:35:04.485"/>
</kw>
<kw name="Click Element" library="SeleniumLibrary">
<arg>xpath://input[@id='btnclosepaxoption']</arg>
<doc>Click the element identified by ``locator``.</doc>
<msg timestamp="20221229 10:35:04.486" level="INFO">Clicking element 'xpath://input[@id='btnclosepaxoption']'.</msg>
<status status="PASS" starttime="20221229 10:35:04.485" endtime="20221229 10:35:04.561"/>
</kw>
<kw name="Sleep" library="BuiltIn">
<arg>2</arg>
<doc>Pauses the test executed for the given time.</doc>
<msg timestamp="20221229 10:35:06.569" level="INFO">Slept 2 seconds</msg>
<status status="PASS" starttime="20221229 10:35:04.561" endtime="20221229 10:35:06.569"/>
</kw>
<kw name="Click Element" library="SeleniumLibrary">
<arg>xpath://select[@id='ctl00_mainContent_DropDownListCurrency']</arg>
<doc>Click the element identified by ``locator``.</doc>
<msg timestamp="20221229 10:35:06.570" level="INFO">Clicking element 'xpath://select[@id='ctl00_mainContent_DropDownListCurrency']'.</msg>
<status status="PASS" starttime="20221229 10:35:06.569" endtime="20221229 10:35:06.650"/>
</kw>
<kw name="Sleep" library="BuiltIn">
<arg>2</arg>
<doc>Pauses the test executed for the given time.</doc>
<msg timestamp="20221229 10:35:08.660" level="INFO">Slept 2 seconds</msg>
<status status="PASS" starttime="20221229 10:35:06.651" endtime="20221229 10:35:08.661"/>
</kw>
<kw name="Click Element" library="SeleniumLibrary">
<arg>xpath://option[contains(text(),'USD')]</arg>
<doc>Click the element identified by ``locator``.</doc>
<msg timestamp="20221229 10:35:08.662" level="INFO">Clicking element 'xpath://option[contains(text(),'USD')]'.</msg>
<status status="PASS" starttime="20221229 10:35:08.661" endtime="20221229 10:35:08.707"/>
</kw>
<kw name="Sleep" library="BuiltIn">
<arg>2</arg>
<doc>Pauses the test executed for the given time.</doc>
<msg timestamp="20221229 10:35:10.721" level="INFO">Slept 2 seconds</msg>
<status status="PASS" starttime="20221229 10:35:08.707" endtime="20221229 10:35:10.721"/>
</kw>
<kw name="Click Button" library="SeleniumLibrary">
<arg>xpath://input[@id='ctl00_mainContent_btn_FindFlights']</arg>
<doc>Clicks the button identified by ``locator``.</doc>
<msg timestamp="20221229 10:35:10.722" level="INFO">Clicking button 'xpath://input[@id='ctl00_mainContent_btn_FindFlights']'.</msg>
<status status="PASS" starttime="20221229 10:35:10.721" endtime="20221229 10:35:10.852"/>
</kw>
<kw name="Sleep" library="BuiltIn">
<arg>5</arg>
<doc>Pauses the test executed for the given time.</doc>
<msg timestamp="20221229 10:35:15.862" level="INFO">Slept 5 seconds</msg>
<status status="PASS" starttime="20221229 10:35:10.852" endtime="20221229 10:35:15.863"/>
</kw>
<kw name="Handle Alert" library="SeleniumLibrary">
<doc>Handles the current alert and returns its message.</doc>
<msg timestamp="20221229 10:35:15.864" level="INFO">HANDLE::&lt;class 'NoneType'&gt;::None</msg>
<status status="PASS" starttime="20221229 10:35:15.864" endtime="20221229 10:35:15.878"/>
</kw>
<kw name="Sleep" library="BuiltIn">
<arg>5</arg>
<doc>Pauses the test executed for the given time.</doc>
<msg timestamp="20221229 10:35:20.894" level="INFO">Slept 5 seconds</msg>
<status status="PASS" starttime="20221229 10:35:15.878" endtime="20221229 10:35:20.894"/>
</kw>
<status status="PASS" starttime="20221229 10:34:33.047" endtime="20221229 10:35:20.896"/>
</kw>
<kw name="Close Browser" library="SeleniumLibrary">
<doc>Closes the current browser.</doc>
<status status="PASS" starttime="20221229 10:35:20.898" endtime="20221229 10:35:23.173"/>
</kw>
<status status="PASS" starttime="20221229 10:34:26.466" endtime="20221229 10:35:23.175"/>
</test>
<status status="PASS" starttime="20221229 10:34:25.987" endtime="20221229 10:35:23.183"/>
</suite>
<statistics>
<total>
<stat pass="1" fail="0" skip="0">All Tests</stat>
</total>
<tag>
</tag>
<suite>
<stat pass="1" fail="0" skip="0" id="s1" name="FlightBooking">FlightBooking</stat>
</suite>
</statistics>
<errors>
</errors>
</robot>
