<?xml version="1.0" encoding="UTF-8"?>
<robot generator="Robot 5.0.1 (Python 3.10.4 on win32)" generated="20221229 12:17:10.340" rpa="false" schemaversion="3">
<suite id="s1" name="PythonCode" source="F:\Tushar\programming\python only\PythonCode">
<suite id="s1-s1" name="Robot Framework" source="F:\Tushar\programming\python only\PythonCode\robot_framework">
<suite id="s1-s1-s1" name="TestCases" source="F:\Tushar\programming\python only\PythonCode\robot_framework\TestCases">
<suite id="s1-s1-s1-s1" name="Frames" source="F:\Tushar\programming\python only\PythonCode\robot_framework\TestCases\Frames.robot">
<test id="s1-s1-s1-s1-t1" name="Handling_Frames" line="10">
<kw name="Open Browser" library="SeleniumLibrary">
<arg>${URL}</arg>
<arg>${browser}</arg>
<doc>Opens a new browser instance to the optional ``url``.</doc>
<msg timestamp="20221229 12:17:10.929" level="INFO">Opening browser 'chrome' to base url 'https://www.selenium.dev/selenium/docs/api/java/index.html?overview-summary.html'.</msg>
<status status="PASS" starttime="20221229 12:17:10.928" endtime="20221229 12:17:20.532"/>
</kw>
<kw name="Set Selenium Speed" library="SeleniumLibrary">
<arg>2</arg>
<doc>Sets the delay that is waited after each Selenium command.</doc>
<status status="PASS" starttime="20221229 12:17:20.538" endtime="20221229 12:17:20.539"/>
</kw>
<kw name="Maximize Browser Window" library="SeleniumLibrary">
<doc>Maximizes current browser window.</doc>
<status status="PASS" starttime="20221229 12:17:20.540" endtime="20221229 12:17:22.765"/>
</kw>
<kw name="Frames" library="FrameOps">
<kw name="Select Frame" library="SeleniumLibrary">
<arg>packageListFrame</arg>
<doc>Sets frame identified by ``locator`` as the current frame.</doc>
<msg timestamp="20221229 12:17:22.771" level="INFO">Selecting frame 'packageListFrame'.</msg>
<status status="PASS" starttime="20221229 12:17:22.770" endtime="20221229 12:17:26.891"/>
</kw>
<kw name="Click Link" library="SeleniumLibrary">
<arg>org.openqa.selenium</arg>
<doc>Clicks a link identified by ``locator``.</doc>
<msg timestamp="20221229 12:17:26.892" level="INFO">Clicking link 'org.openqa.selenium'.</msg>
<status status="PASS" starttime="20221229 12:17:26.891" endtime="20221229 12:17:33.043"/>
</kw>
<kw name="Unselect Frame" library="SeleniumLibrary">
<doc>Sets the main frame as the current frame.</doc>
<status status="PASS" starttime="20221229 12:17:33.043" endtime="20221229 12:17:35.061"/>
</kw>
<kw name="Select Frame" library="SeleniumLibrary">
<arg>packageFrame</arg>
<doc>Sets frame identified by ``locator`` as the current frame.</doc>
<msg timestamp="20221229 12:17:35.062" level="INFO">Selecting frame 'packageFrame'.</msg>
<status status="PASS" starttime="20221229 12:17:35.061" endtime="20221229 12:17:39.121"/>
</kw>
<kw name="Click Link" library="SeleniumLibrary">
<arg>Alert</arg>
<doc>Clicks a link identified by ``locator``.</doc>
<msg timestamp="20221229 12:17:39.122" level="INFO">Clicking link 'Alert'.</msg>
<status status="PASS" starttime="20221229 12:17:39.121" endtime="20221229 12:17:45.232"/>
</kw>
<status status="PASS" starttime="20221229 12:17:22.768" endtime="20221229 12:17:45.234"/>
</kw>
<status status="PASS" starttime="20221229 12:17:10.926" endtime="20221229 12:17:45.237"/>
</test>
<status status="PASS" starttime="20221229 12:17:10.467" endtime="20221229 12:17:45.243"/>
</suite>
<status status="PASS" starttime="20221229 12:17:10.460" endtime="20221229 12:17:45.255"/>
</suite>
<status status="PASS" starttime="20221229 12:17:10.453" endtime="20221229 12:17:45.291"/>
</suite>
<status status="PASS" starttime="20221229 12:17:10.415" endtime="20221229 12:17:45.304"/>
</suite>
<statistics>
<total>
<stat pass="1" fail="0" skip="0">All Tests</stat>
</total>
<tag>
</tag>
<suite>
<stat pass="1" fail="0" skip="0" id="s1" name="PythonCode">PythonCode</stat>
<stat pass="1" fail="0" skip="0" id="s1-s1" name="Robot Framework">PythonCode.Robot Framework</stat>
<stat pass="1" fail="0" skip="0" id="s1-s1-s1" name="TestCases">PythonCode.Robot Framework.TestCases</stat>
<stat pass="1" fail="0" skip="0" id="s1-s1-s1-s1" name="Frames">PythonCode.Robot Framework.TestCases.Frames</stat>
</suite>
</statistics>
<errors>
</errors>
</robot>
